0 info it worked if it ends with ok
1 verbose cli [ 'C:\\Program Files (x86)\\nodejs\\\\node.exe',
1 verbose cli   'C:\\Program Files (x86)\\nodejs\\node_modules\\npm\\bin\\npm-cli.js',
1 verbose cli   'install',
1 verbose cli   'jpm4j' ]
2 info using npm@2.11.3
3 info using node@v0.12.7
4 verbose install initial load of C:\Users\khkimmo\Documents\Programming\tweety\package.json
5 warn package.json tweety@0.0.1 No repository field.
6 verbose readDependencies loading dependencies from C:\Users\khkimmo\Documents\Programming\tweety\package.json
7 silly cache add args [ 'jpm4j', null ]
8 verbose cache add spec jpm4j
9 silly cache add parsed spec { raw: 'jpm4j',
9 silly cache add   scope: null,
9 silly cache add   name: 'jpm4j',
9 silly cache add   rawSpec: '',
9 silly cache add   spec: '*',
9 silly cache add   type: 'range' }
10 silly addNamed jpm4j@*
11 verbose addNamed "*" is a valid semver range for jpm4j
12 silly addNameRange { name: 'jpm4j', range: '*', hasData: false }
13 silly mapToRegistry name jpm4j
14 silly mapToRegistry using default registry
15 silly mapToRegistry registry https://registry.npmjs.org/
16 silly mapToRegistry uri https://registry.npmjs.org/jpm4j
17 verbose addNameRange registry:https://registry.npmjs.org/jpm4j not in flight; fetching
18 verbose request uri https://registry.npmjs.org/jpm4j
19 verbose request no auth needed
20 info attempt registry request try #1 at 11:46:16
21 verbose request id 295ceb3d8b824496
22 http request GET https://registry.npmjs.org/jpm4j
23 http 404 https://registry.npmjs.org/jpm4j
24 verbose headers { server: 'CouchDB/1.5.0 (Erlang OTP/R16B03)',
24 verbose headers   'content-type': 'application/json',
24 verbose headers   'cache-control': 'max-age=0',
24 verbose headers   'content-length': '51',
24 verbose headers   'accept-ranges': 'bytes',
24 verbose headers   date: 'Mon, 20 Jul 2015 08:46:17 GMT',
24 verbose headers   via: '1.1 varnish',
24 verbose headers   age: '0',
24 verbose headers   connection: 'keep-alive',
24 verbose headers   'x-served-by': 'cache-ams4150-AMS',
24 verbose headers   'x-cache': 'MISS',
24 verbose headers   'x-cache-hits': '0',
24 verbose headers   'x-timer': 'S1437381976.776539,VS0,VE691' }
25 silly get cb [ 404,
25 silly get   { server: 'CouchDB/1.5.0 (Erlang OTP/R16B03)',
25 silly get     'content-type': 'application/json',
25 silly get     'cache-control': 'max-age=0',
25 silly get     'content-length': '51',
25 silly get     'accept-ranges': 'bytes',
25 silly get     date: 'Mon, 20 Jul 2015 08:46:17 GMT',
25 silly get     via: '1.1 varnish',
25 silly get     age: '0',
25 silly get     connection: 'keep-alive',
25 silly get     'x-served-by': 'cache-ams4150-AMS',
25 silly get     'x-cache': 'MISS',
25 silly get     'x-cache-hits': '0',
25 silly get     'x-timer': 'S1437381976.776539,VS0,VE691' } ]
26 verbose stack Error: 404 Not Found: jpm4j
26 verbose stack     at CachingRegistryClient.<anonymous> (C:\Program Files (x86)\nodejs\node_modules\npm\node_modules\npm-registry-client\lib\request.js:245:14)
26 verbose stack     at Request._callback (C:\Program Files (x86)\nodejs\node_modules\npm\node_modules\npm-registry-client\lib\request.js:170:14)
26 verbose stack     at Request.self.callback (C:\Program Files (x86)\nodejs\node_modules\npm\node_modules\request\request.js:354:22)
26 verbose stack     at Request.emit (events.js:110:17)
26 verbose stack     at Request.<anonymous> (C:\Program Files (x86)\nodejs\node_modules\npm\node_modules\request\request.js:1207:14)
26 verbose stack     at Request.emit (events.js:129:20)
26 verbose stack     at IncomingMessage.<anonymous> (C:\Program Files (x86)\nodejs\node_modules\npm\node_modules\request\request.js:1153:12)
26 verbose stack     at IncomingMessage.emit (events.js:129:20)
26 verbose stack     at _stream_readable.js:908:16
26 verbose stack     at process._tickCallback (node.js:355:11)
27 verbose statusCode 404
28 verbose pkgid jpm4j
29 verbose cwd C:\Users\khkimmo\Documents\Programming\tweety
30 error Windows_NT 6.1.7601
31 error argv "C:\\Program Files (x86)\\nodejs\\\\node.exe" "C:\\Program Files (x86)\\nodejs\\node_modules\\npm\\bin\\npm-cli.js" "install" "jpm4j"
32 error node v0.12.7
33 error npm  v2.11.3
34 error code E404
35 error 404 Not Found: jpm4j
35 error 404
35 error 404 'jpm4j' is not in the npm registry.
35 error 404 You should bug the author to publish it (or use the name yourself!)
35 error 404 It was specified as a dependency of 'tweety'
35 error 404
35 error 404 Note that you can also install from a
35 error 404 tarball, folder, http url, or git url.
36 verbose exit [ 1, true ]
